<?xml version="1.0" encoding="utf-8"?><testsuites name="pytest tests"><testsuite name="pytest" errors="0" failures="1" skipped="0" tests="21" time="12.084" timestamp="2026-09-18T03:48:05.340040+00:00" hostname="agent-env-877ed2fd-0288-4400-8ee4-9194d2e39b99"><testcase classname="tests.test_gts_backend.TestInspections" name="test_list" time="10.001" /><testcase classname="tests.test_gts_backend.TestHazards" name="test_list" time="1.296" /><testcase classname="tests.test_gts_backend.TestHazards" name="test_filter_status_open" time="0.097" /><testcase classname="tests.test_gts_backend.TestHazards" name="test_filter_tingkat" time="0.091" /><testcase classname="tests.test_gts_backend.TestHazards" name="test_search" time="0.186" /><testcase classname="tests.test_gts_backend.TestHazards" name="test_detail" time="0.180" /><testcase classname="tests.test_gts_backend.TestHazards" name="test_detail_404" time="0.088" /><testcase classname="tests.test_gts_backend.TestHazards" name="test_stats" time="0.116" /><testcase classname="tests.test_gts_backend.TestHazards" name="test_create_returns_503" time="0.410" /><testcase classname="tests.test_gts_backend.TestHazards" name="test_pdf" time="0.223" /><testcase classname="tests.test_gts_backend.TestAuth" name="test_login_success" time="0.058" /><testcase classname="tests.test_gts_backend.TestAuth" name="test_login_invalid" time="0.059" /><testcase classname="tests.test_gts_backend.TestAuth" name="test_me" time="0.058" /><testcase classname="tests.test_gts_backend.TestAuth" name="test_me_unauth" time="0.058" /><testcase classname="tests.test_gts_backend.TestUpload" name="test_upload_and_serve" time="0.310"><failure message="requests.exceptions.MissingSchema: Invalid URL '/api/files/gts-safety-portal/uploads/M0303250220/2ebef075117e4100a66c8c00a9b8ec21.png?token=eyJhbGciOiJIUzI1NiIsInR5cCI6IkpXVCJ9.eyJuaWsiOiJNMDMwMzI1MDIyMCIsIm5hbWEiOiJIYWJlbCBMb2xvcGF5dW5nIiwiamFiYXRhbiI6IkJ1bGxkb3plciBPcGVyYXRvciIsImRlcGFydGVtZW4iOiJDaXZpbCBSb2FkIE1haW50ZW5hbmNlIiwicHQiOiJHVFMiLCJleHAiOjE3OTIyOTUyODh9.0WrBueLeCtpVWGPdNcgBvwnl2l90HY9sOii9yIvaRvY': No scheme supplied. Perhaps you meant https:///api/files/gts-safety-portal/uploads/M0303250220/2ebef075117e4100a66c8c00a9b8ec21.png?token=eyJhbGciOiJIUzI1NiIsInR5cCI6IkpXVCJ9.eyJuaWsiOiJNMDMwMzI1MDIyMCIsIm5hbWEiOiJIYWJlbCBMb2xvcGF5dW5nIiwiamFiYXRhbiI6IkJ1bGxkb3plciBPcGVyYXRvciIsImRlcGFydGVtZW4iOiJDaXZpbCBSb2FkIE1haW50ZW5hbmNlIiwicHQiOiJHVFMiLCJleHAiOjE3OTIyOTUyODh9.0WrBueLeCtpVWGPdNcgBvwnl2l90HY9sOii9yIvaRvY?">tests/test_gts_backend.py:163: in test_upload_and_serve
    r2 = requests.get(j["url"], timeout=60)
         ^^^^^^^^^^^^^^^^^^^^^^^^^^^^^^^^^^
/root/.venv/lib/python3.11/site-packages/requests/api.py:87: in get
    return request("get", url, params=params, **kwargs)
           ^^^^^^^^^^^^^^^^^^^^^^^^^^^^^^^^^^^^^^^^^^^^
/root/.venv/lib/python3.11/site-packages/requests/api.py:71: in request
    return session.request(method=method, url=url, **kwargs)
           ^^^^^^^^^^^^^^^^^^^^^^^^^^^^^^^^^^^^^^^^^^^^^^^^^
/root/.venv/lib/python3.11/site-packages/requests/sessions.py:635: in request
    prep = self.prepare_request(req)
           ^^^^^^^^^^^^^^^^^^^^^^^^^
/root/.venv/lib/python3.11/site-packages/requests/sessions.py:541: in prepare_request
    p.prepare(
/root/.venv/lib/python3.11/site-packages/requests/models.py:439: in prepare
    self.prepare_url(url, params)
/root/.venv/lib/python3.11/site-packages/requests/models.py:514: in prepare_url
    raise MissingSchema(
E   requests.exceptions.MissingSchema: Invalid URL '/api/files/gts-safety-portal/uploads/M0303250220/2ebef075117e4100a66c8c00a9b8ec21.png?token=eyJhbGciOiJIUzI1NiIsInR5cCI6IkpXVCJ9.eyJuaWsiOiJNMDMwMzI1MDIyMCIsIm5hbWEiOiJIYWJlbCBMb2xvcGF5dW5nIiwiamFiYXRhbiI6IkJ1bGxkb3plciBPcGVyYXRvciIsImRlcGFydGVtZW4iOiJDaXZpbCBSb2FkIE1haW50ZW5hbmNlIiwicHQiOiJHVFMiLCJleHAiOjE3OTIyOTUyODh9.0WrBueLeCtpVWGPdNcgBvwnl2l90HY9sOii9yIvaRvY': No scheme supplied. Perhaps you meant https:///api/files/gts-safety-portal/uploads/M0303250220/2ebef075117e4100a66c8c00a9b8ec21.png?token=eyJhbGciOiJIUzI1NiIsInR5cCI6IkpXVCJ9.eyJuaWsiOiJNMDMwMzI1MDIyMCIsIm5hbWEiOiJIYWJlbCBMb2xvcGF5dW5nIiwiamFiYXRhbiI6IkJ1bGxkb3plciBPcGVyYXRvciIsImRlcGFydGVtZW4iOiJDaXZpbCBSb2FkIE1haW50ZW5hbmNlIiwicHQiOiJHVFMiLCJleHAiOjE3OTIyOTUyODh9.0WrBueLeCtpVWGPdNcgBvwnl2l90HY9sOii9yIvaRvY?</failure></testcase><testcase classname="tests.test_gts_backend.TestUpload" name="test_serve_requires_auth" time="0.164" /><testcase classname="tests.test_gts_backend.TestMeta" name="test_options" time="8.327" /><testcase classname="tests.test_gts_backend.TestInspections" name="test_filter_status" time="0.194" /><testcase classname="tests.test_gts_backend.TestInspections" name="test_stats" time="0.186" /><testcase classname="tests.test_gts_backend.TestInspections" name="test_detail" time="0.379" /><testcase classname="tests.test_gts_backend.TestInspections" name="test_create_returns_503" time="0.121" /></testsuite></testsuites>